c:\users\student\documents\visual studio 2019\project\就活作品\jobfreegame\debug\vc142.pdb
c:\users\student\documents\visual studio 2019\project\就活作品\jobfreegame\debug\vc142.idb
c:\users\student\documents\visual studio 2019\project\就活作品\jobfreegame\debug\renderer.obj
c:\users\student\documents\visual studio 2019\project\就活作品\jobfreegame\debug\input.obj
c:\users\student\documents\visual studio 2019\project\就活作品\jobfreegame\debug\debugproc.obj
c:\users\student\documents\visual studio 2019\project\就活作品\jobfreegame\debug\manager.obj
c:\users\student\documents\visual studio 2019\project\就活作品\jobfreegame\debug\main.obj
c:\users\student\documents\visual studio 2019\project\就活作品\jobfreegame\debug\sound.obj
c:\users\student\documents\visual studio 2019\project\就活作品\jobfreegame\debug\camera.obj
c:\users\student\documents\visual studio 2019\project\就活作品\jobfreegame\debug\object.obj
c:\users\student\documents\visual studio 2019\project\就活作品\jobfreegame\debug\material.obj
c:\users\student\documents\visual studio 2019\project\就活作品\jobfreegame\debug\texture.obj
c:\users\student\documents\visual studio 2019\project\就活作品\jobfreegame\debug\light.obj
c:\users\student\documents\visual studio 2019\project\就活作品\jobfreegame\debug\scene.obj
c:\users\student\documents\visual studio 2019\project\就活作品\jobfreegame\debug\object2d.obj
c:\users\student\documents\visual studio 2019\project\就活作品\jobfreegame\debug\fade.obj
c:\users\student\documents\visual studio 2019\project\就活作品\jobfreegame\debug\objectx.obj
c:\users\student\documents\visual studio 2019\project\就活作品\jobfreegame\debug\game.obj
c:\users\student\documents\visual studio 2019\project\就活作品\jobfreegame\debug\wall.obj
c:\users\student\documents\visual studio 2019\project\就活作品\jobfreegame\debug\object3d.obj
c:\users\student\documents\visual studio 2019\project\就活作品\jobfreegame\debug\field.obj
c:\users\student\documents\visual studio 2019\project\就活作品\jobfreegame\debug\modelhierarchy.obj
c:\users\student\documents\visual studio 2019\project\就活作品\jobfreegame\debug\player.obj
c:\users\student\documents\visual studio 2019\project\就活作品\jobfreegame\debug\motion.obj
c:\users\student\documents\visual studio 2019\project\就活作品\jobfreegame\debug\model.obj
c:\users\student\documents\visual studio 2019\project\就活作品\jobfreegame\debug\lucmin.obj
c:\users\student\desktop\就活作品\jobfreegame\ソースファイル\jobfreegame\debug\vc142.pdb
c:\users\student\desktop\就活作品\jobfreegame\ソースファイル\jobfreegame\debug\vc142.idb
c:\users\student\desktop\就活作品\jobfreegame\ソースファイル\jobfreegame\debug\renderer.obj
c:\users\student\desktop\就活作品\jobfreegame\ソースファイル\jobfreegame\debug\player.obj
c:\users\student\desktop\就活作品\jobfreegame\ソースファイル\jobfreegame\debug\objectx.obj
c:\users\student\desktop\就活作品\jobfreegame\ソースファイル\jobfreegame\debug\object3d.obj
c:\users\student\desktop\就活作品\jobfreegame\ソースファイル\jobfreegame\debug\object2d.obj
c:\users\student\desktop\就活作品\jobfreegame\ソースファイル\jobfreegame\debug\object.obj
c:\users\student\desktop\就活作品\jobfreegame\ソースファイル\jobfreegame\debug\motion.obj
c:\users\student\desktop\就活作品\jobfreegame\ソースファイル\jobfreegame\debug\modelhierarchy.obj
c:\users\student\desktop\就活作品\jobfreegame\ソースファイル\jobfreegame\debug\model.obj
c:\users\student\desktop\就活作品\jobfreegame\ソースファイル\jobfreegame\debug\material.obj
c:\users\student\desktop\就活作品\jobfreegame\ソースファイル\jobfreegame\debug\manager.obj
c:\users\student\desktop\就活作品\jobfreegame\ソースファイル\jobfreegame\debug\main.obj
c:\users\student\desktop\就活作品\jobfreegame\ソースファイル\jobfreegame\debug\lucmin.obj
c:\users\student\desktop\就活作品\jobfreegame\ソースファイル\jobfreegame\debug\light.obj
c:\users\student\desktop\就活作品\jobfreegame\ソースファイル\jobfreegame\debug\input.obj
c:\users\student\desktop\就活作品\jobfreegame\ソースファイル\jobfreegame\debug\game.obj
c:\users\student\desktop\就活作品\jobfreegame\ソースファイル\jobfreegame\debug\field.obj
c:\users\student\desktop\就活作品\jobfreegame\ソースファイル\jobfreegame\debug\fade.obj
c:\users\student\desktop\就活作品\jobfreegame\ソースファイル\jobfreegame\debug\debugproc.obj
c:\users\student\desktop\就活作品\jobfreegame\ソースファイル\jobfreegame\debug\camera.obj
c:\users\student\desktop\就活作品\jobfreegame\ソースファイル\jobfreegame\debug\wall.obj
c:\users\student\desktop\就活作品\jobfreegame\ソースファイル\jobfreegame\debug\texture.obj
c:\users\student\desktop\就活作品\jobfreegame\ソースファイル\jobfreegame\debug\sound.obj
c:\users\student\desktop\就活作品\jobfreegame\ソースファイル\jobfreegame\debug\scene.obj
c:\users\student\desktop\就活作品\jobfreegame\ソースファイル\jobfreegame\debug\point.obj
c:\users\student\desktop\就活作品\jobfreegame\ソースファイル\jobfreegame\debug\whistle.obj
c:\users\student\desktop\就活作品\jobfreegame\ソースファイル\jobfreegame\debug\meshcylinder.obj
c:\users\student\desktop\就活作品\jobfreegame\ソースファイル\jobfreegame\debug\titletexture.obj
c:\users\student\desktop\就活作品\jobfreegame\ソースファイル\jobfreegame\debug\title.obj
c:\users\student\desktop\就活作品\jobfreegame\ソースファイル\jobfreegame\debug\score.obj
c:\users\student\desktop\就活作品\jobfreegame\ソースファイル\jobfreegame\debug\number.obj
c:\users\student\desktop\就活作品\jobfreegame\ソースファイル\jobfreegame\debug\result.obj
c:\users\student\desktop\就活作品\jobfreegame\ソースファイル\jobfreegame\debug\ranking.obj
c:\users\student\desktop\就活作品\jobfreegame\ソースファイル\jobfreegame\debug\enemy.obj
c:\users\student\desktop\就活作品\jobfreegame\ソースファイル\jobfreegame\debug\gimmick.obj
c:\users\student\documents\visual studio 2019\project\就活作品\jobfreegame\debug\jobfreegame.exe
c:\users\student\documents\visual studio 2019\project\就活作品\jobfreegame\debug\jobfreegame.ilk
c:\users\student\documents\visual studio 2019\project\就活作品\jobfreegame\debug\jobfreegame.pdb
c:\users\student\desktop\就活作品\jobfreegame\ソースファイル\jobfreegame\debug\jobfreegame.exe
c:\users\student\desktop\就活作品\jobfreegame\ソースファイル\jobfreegame\debug\jobfreegame.ilk
c:\users\student\desktop\就活作品\jobfreegame\ソースファイル\jobfreegame\debug\jobfreegame.pdb
c:\users\student\desktop\就活作品\jobfreegame\ソースファイル\jobfreegame\debug\jobfreegame.tlog\cl.command.1.tlog
c:\users\student\desktop\就活作品\jobfreegame\ソースファイル\jobfreegame\debug\jobfreegame.tlog\cl.read.1.tlog
c:\users\student\desktop\就活作品\jobfreegame\ソースファイル\jobfreegame\debug\jobfreegame.tlog\cl.write.1.tlog
c:\users\student\desktop\就活作品\jobfreegame\ソースファイル\jobfreegame\debug\jobfreegame.tlog\link.command.1.tlog
c:\users\student\desktop\就活作品\jobfreegame\ソースファイル\jobfreegame\debug\jobfreegame.tlog\link.read.1.tlog
c:\users\student\desktop\就活作品\jobfreegame\ソースファイル\jobfreegame\debug\jobfreegame.tlog\link.write.1.tlog
