  camera.cpp
C:\Users\student\Desktop\就活作品\JobFreeGame\ソースファイル\JobFreeGame\object.h(85,70): warning C4100: 'fHeight': 引数は関数の本体部で 1 度も参照されません。
C:\Users\student\Desktop\就活作品\JobFreeGame\ソースファイル\JobFreeGame\object.h(85,56): warning C4100: 'fWidth': 引数は関数の本体部で 1 度も参照されません。
C:\Users\student\Desktop\就活作品\JobFreeGame\ソースファイル\JobFreeGame\object.h(85,45): warning C4100: 'pos': 引数は関数の本体部で 1 度も参照されません。
C:\Users\student\Desktop\就活作品\JobFreeGame\ソースファイル\JobFreeGame\object.h(85,27): warning C4100: 'type': 引数は関数の本体部で 1 度も参照されません。
C:\Users\student\Desktop\就活作品\JobFreeGame\ソースファイル\JobFreeGame\object.h(86,70): warning C4100: 'fHeight': 引数は関数の本体部で 1 度も参照されません。
C:\Users\student\Desktop\就活作品\JobFreeGame\ソースファイル\JobFreeGame\object.h(86,56): warning C4100: 'fWidth': 引数は関数の本体部で 1 度も参照されません。
C:\Users\student\Desktop\就活作品\JobFreeGame\ソースファイル\JobFreeGame\object.h(86,45): warning C4100: 'rot': 引数は関数の本体部で 1 度も参照されません。
C:\Users\student\Desktop\就活作品\JobFreeGame\ソースファイル\JobFreeGame\object.h(86,27): warning C4100: 'type': 引数は関数の本体部で 1 度も参照されません。
C:\Users\student\Desktop\就活作品\JobFreeGame\ソースファイル\JobFreeGame\object.h(87,34): warning C4100: 'rot': 引数は関数の本体部で 1 度も参照されません。
C:\Users\student\Desktop\就活作品\JobFreeGame\ソースファイル\JobFreeGame\object.h(88,35): warning C4100: 'size': 引数は関数の本体部で 1 度も参照されません。
C:\Users\student\Desktop\就活作品\JobFreeGame\ソースファイル\JobFreeGame\object.h(97,30): warning C4100: 'state': 引数は関数の本体部で 1 度も参照されません。
C:\Users\student\Desktop\就活作品\JobFreeGame\ソースファイル\JobFreeGame\camera.cpp(101,18): warning C4189: 'pInputKeyboard': ローカル変数が初期化されましたが、参照されていません
C:\Users\student\Desktop\就活作品\JobFreeGame\ソースファイル\JobFreeGame\camera.cpp(198,18): warning C4189: 'pInputKeyboard': ローカル変数が初期化されましたが、参照されていません
C:\Users\student\Desktop\就活作品\JobFreeGame\ソースファイル\JobFreeGame\camera.cpp(335,18): warning C4189: 'pInputKeyboard': ローカル変数が初期化されましたが、参照されていません
  debugproc.cpp
C:\Users\student\Desktop\就活作品\JobFreeGame\ソースファイル\JobFreeGame\object.h(85,70): warning C4100: 'fHeight': 引数は関数の本体部で 1 度も参照されません。
C:\Users\student\Desktop\就活作品\JobFreeGame\ソースファイル\JobFreeGame\object.h(85,56): warning C4100: 'fWidth': 引数は関数の本体部で 1 度も参照されません。
C:\Users\student\Desktop\就活作品\JobFreeGame\ソースファイル\JobFreeGame\object.h(85,45): warning C4100: 'pos': 引数は関数の本体部で 1 度も参照されません。
C:\Users\student\Desktop\就活作品\JobFreeGame\ソースファイル\JobFreeGame\object.h(85,27): warning C4100: 'type': 引数は関数の本体部で 1 度も参照されません。
C:\Users\student\Desktop\就活作品\JobFreeGame\ソースファイル\JobFreeGame\object.h(86,70): warning C4100: 'fHeight': 引数は関数の本体部で 1 度も参照されません。
C:\Users\student\Desktop\就活作品\JobFreeGame\ソースファイル\JobFreeGame\object.h(86,56): warning C4100: 'fWidth': 引数は関数の本体部で 1 度も参照されません。
C:\Users\student\Desktop\就活作品\JobFreeGame\ソースファイル\JobFreeGame\object.h(86,45): warning C4100: 'rot': 引数は関数の本体部で 1 度も参照されません。
C:\Users\student\Desktop\就活作品\JobFreeGame\ソースファイル\JobFreeGame\object.h(86,27): warning C4100: 'type': 引数は関数の本体部で 1 度も参照されません。
C:\Users\student\Desktop\就活作品\JobFreeGame\ソースファイル\JobFreeGame\object.h(87,34): warning C4100: 'rot': 引数は関数の本体部で 1 度も参照されません。
C:\Users\student\Desktop\就活作品\JobFreeGame\ソースファイル\JobFreeGame\object.h(88,35): warning C4100: 'size': 引数は関数の本体部で 1 度も参照されません。
C:\Users\student\Desktop\就活作品\JobFreeGame\ソースファイル\JobFreeGame\object.h(97,30): warning C4100: 'state': 引数は関数の本体部で 1 度も参照されません。
C:\Users\student\Desktop\就活作品\JobFreeGame\ソースファイル\JobFreeGame\debugproc.cpp(81,18): warning C4189: 'pInputKeyboard': ローカル変数が初期化されましたが、参照されていません
  fade.cpp
C:\Users\student\Desktop\就活作品\JobFreeGame\ソースファイル\JobFreeGame\object.h(85,70): warning C4100: 'fHeight': 引数は関数の本体部で 1 度も参照されません。
C:\Users\student\Desktop\就活作品\JobFreeGame\ソースファイル\JobFreeGame\object.h(85,56): warning C4100: 'fWidth': 引数は関数の本体部で 1 度も参照されません。
C:\Users\student\Desktop\就活作品\JobFreeGame\ソースファイル\JobFreeGame\object.h(85,45): warning C4100: 'pos': 引数は関数の本体部で 1 度も参照されません。
C:\Users\student\Desktop\就活作品\JobFreeGame\ソースファイル\JobFreeGame\object.h(85,27): warning C4100: 'type': 引数は関数の本体部で 1 度も参照されません。
C:\Users\student\Desktop\就活作品\JobFreeGame\ソースファイル\JobFreeGame\object.h(86,70): warning C4100: 'fHeight': 引数は関数の本体部で 1 度も参照されません。
C:\Users\student\Desktop\就活作品\JobFreeGame\ソースファイル\JobFreeGame\object.h(86,56): warning C4100: 'fWidth': 引数は関数の本体部で 1 度も参照されません。
C:\Users\student\Desktop\就活作品\JobFreeGame\ソースファイル\JobFreeGame\object.h(86,45): warning C4100: 'rot': 引数は関数の本体部で 1 度も参照されません。
C:\Users\student\Desktop\就活作品\JobFreeGame\ソースファイル\JobFreeGame\object.h(86,27): warning C4100: 'type': 引数は関数の本体部で 1 度も参照されません。
C:\Users\student\Desktop\就活作品\JobFreeGame\ソースファイル\JobFreeGame\object.h(87,34): warning C4100: 'rot': 引数は関数の本体部で 1 度も参照されません。
C:\Users\student\Desktop\就活作品\JobFreeGame\ソースファイル\JobFreeGame\object.h(88,35): warning C4100: 'size': 引数は関数の本体部で 1 度も参照されません。
C:\Users\student\Desktop\就活作品\JobFreeGame\ソースファイル\JobFreeGame\object.h(97,30): warning C4100: 'state': 引数は関数の本体部で 1 度も参照されません。
C:\Users\student\Desktop\就活作品\JobFreeGame\ソースファイル\JobFreeGame\fade.cpp(65,6): warning C4189: 'mode': ローカル変数が初期化されましたが、参照されていません
C:\Users\student\Desktop\就活作品\JobFreeGame\ソースファイル\JobFreeGame\fade.cpp(105,10): warning C4189: 'pScene': ローカル変数が初期化されましたが、参照されていません
  field.cpp
C:\Users\student\Desktop\就活作品\JobFreeGame\ソースファイル\JobFreeGame\object.h(85,70): warning C4100: 'fHeight': 引数は関数の本体部で 1 度も参照されません。
C:\Users\student\Desktop\就活作品\JobFreeGame\ソースファイル\JobFreeGame\object.h(85,56): warning C4100: 'fWidth': 引数は関数の本体部で 1 度も参照されません。
C:\Users\student\Desktop\就活作品\JobFreeGame\ソースファイル\JobFreeGame\object.h(85,45): warning C4100: 'pos': 引数は関数の本体部で 1 度も参照されません。
C:\Users\student\Desktop\就活作品\JobFreeGame\ソースファイル\JobFreeGame\object.h(85,27): warning C4100: 'type': 引数は関数の本体部で 1 度も参照されません。
C:\Users\student\Desktop\就活作品\JobFreeGame\ソースファイル\JobFreeGame\object.h(86,70): warning C4100: 'fHeight': 引数は関数の本体部で 1 度も参照されません。
C:\Users\student\Desktop\就活作品\JobFreeGame\ソースファイル\JobFreeGame\object.h(86,56): warning C4100: 'fWidth': 引数は関数の本体部で 1 度も参照されません。
C:\Users\student\Desktop\就活作品\JobFreeGame\ソースファイル\JobFreeGame\object.h(86,45): warning C4100: 'rot': 引数は関数の本体部で 1 度も参照されません。
C:\Users\student\Desktop\就活作品\JobFreeGame\ソースファイル\JobFreeGame\object.h(86,27): warning C4100: 'type': 引数は関数の本体部で 1 度も参照されません。
C:\Users\student\Desktop\就活作品\JobFreeGame\ソースファイル\JobFreeGame\object.h(87,34): warning C4100: 'rot': 引数は関数の本体部で 1 度も参照されません。
C:\Users\student\Desktop\就活作品\JobFreeGame\ソースファイル\JobFreeGame\object.h(88,35): warning C4100: 'size': 引数は関数の本体部で 1 度も参照されません。
C:\Users\student\Desktop\就活作品\JobFreeGame\ソースファイル\JobFreeGame\object.h(97,30): warning C4100: 'state': 引数は関数の本体部で 1 度も参照されません。
C:\Users\student\Desktop\就活作品\JobFreeGame\ソースファイル\JobFreeGame\field.cpp(44,45): warning C4100: 'rot': 引数は関数の本体部で 1 度も参照されません。
  game.cpp
C:\Users\student\Desktop\就活作品\JobFreeGame\ソースファイル\JobFreeGame\object.h(85,70): warning C4100: 'fHeight': 引数は関数の本体部で 1 度も参照されません。
C:\Users\student\Desktop\就活作品\JobFreeGame\ソースファイル\JobFreeGame\object.h(85,56): warning C4100: 'fWidth': 引数は関数の本体部で 1 度も参照されません。
C:\Users\student\Desktop\就活作品\JobFreeGame\ソースファイル\JobFreeGame\object.h(85,45): warning C4100: 'pos': 引数は関数の本体部で 1 度も参照されません。
C:\Users\student\Desktop\就活作品\JobFreeGame\ソースファイル\JobFreeGame\object.h(85,27): warning C4100: 'type': 引数は関数の本体部で 1 度も参照されません。
C:\Users\student\Desktop\就活作品\JobFreeGame\ソースファイル\JobFreeGame\object.h(86,70): warning C4100: 'fHeight': 引数は関数の本体部で 1 度も参照されません。
C:\Users\student\Desktop\就活作品\JobFreeGame\ソースファイル\JobFreeGame\object.h(86,56): warning C4100: 'fWidth': 引数は関数の本体部で 1 度も参照されません。
C:\Users\student\Desktop\就活作品\JobFreeGame\ソースファイル\JobFreeGame\object.h(86,45): warning C4100: 'rot': 引数は関数の本体部で 1 度も参照されません。
C:\Users\student\Desktop\就活作品\JobFreeGame\ソースファイル\JobFreeGame\object.h(86,27): warning C4100: 'type': 引数は関数の本体部で 1 度も参照されません。
C:\Users\student\Desktop\就活作品\JobFreeGame\ソースファイル\JobFreeGame\object.h(87,34): warning C4100: 'rot': 引数は関数の本体部で 1 度も参照されません。
C:\Users\student\Desktop\就活作品\JobFreeGame\ソースファイル\JobFreeGame\object.h(88,35): warning C4100: 'size': 引数は関数の本体部で 1 度も参照されません。
C:\Users\student\Desktop\就活作品\JobFreeGame\ソースファイル\JobFreeGame\object.h(97,30): warning C4100: 'state': 引数は関数の本体部で 1 度も参照されません。
C:\Users\student\Desktop\就活作品\JobFreeGame\ソースファイル\JobFreeGame\game.cpp(69,10): warning C4189: 'pSound': ローカル変数が初期化されましたが、参照されていません
C:\Users\student\Desktop\就活作品\JobFreeGame\ソースファイル\JobFreeGame\game.cpp(145,9): warning C4189: 'pFade': ローカル変数が初期化されましたが、参照されていません
  input.cpp
C:\Users\student\Desktop\就活作品\JobFreeGame\ソースファイル\JobFreeGame\input.cpp(34,48): warning C4100: 'hWnd': 引数は関数の本体部で 1 度も参照されません。
  light.cpp
C:\Users\student\Desktop\就活作品\JobFreeGame\ソースファイル\JobFreeGame\object.h(85,70): warning C4100: 'fHeight': 引数は関数の本体部で 1 度も参照されません。
C:\Users\student\Desktop\就活作品\JobFreeGame\ソースファイル\JobFreeGame\object.h(85,56): warning C4100: 'fWidth': 引数は関数の本体部で 1 度も参照されません。
C:\Users\student\Desktop\就活作品\JobFreeGame\ソースファイル\JobFreeGame\object.h(85,45): warning C4100: 'pos': 引数は関数の本体部で 1 度も参照されません。
C:\Users\student\Desktop\就活作品\JobFreeGame\ソースファイル\JobFreeGame\object.h(85,27): warning C4100: 'type': 引数は関数の本体部で 1 度も参照されません。
C:\Users\student\Desktop\就活作品\JobFreeGame\ソースファイル\JobFreeGame\object.h(86,70): warning C4100: 'fHeight': 引数は関数の本体部で 1 度も参照されません。
C:\Users\student\Desktop\就活作品\JobFreeGame\ソースファイル\JobFreeGame\object.h(86,56): warning C4100: 'fWidth': 引数は関数の本体部で 1 度も参照されません。
C:\Users\student\Desktop\就活作品\JobFreeGame\ソースファイル\JobFreeGame\object.h(86,45): warning C4100: 'rot': 引数は関数の本体部で 1 度も参照されません。
C:\Users\student\Desktop\就活作品\JobFreeGame\ソースファイル\JobFreeGame\object.h(86,27): warning C4100: 'type': 引数は関数の本体部で 1 度も参照されません。
C:\Users\student\Desktop\就活作品\JobFreeGame\ソースファイル\JobFreeGame\object.h(87,34): warning C4100: 'rot': 引数は関数の本体部で 1 度も参照されません。
C:\Users\student\Desktop\就活作品\JobFreeGame\ソースファイル\JobFreeGame\object.h(88,35): warning C4100: 'size': 引数は関数の本体部で 1 度も参照されません。
C:\Users\student\Desktop\就活作品\JobFreeGame\ソースファイル\JobFreeGame\object.h(97,30): warning C4100: 'state': 引数は関数の本体部で 1 度も参照されません。
  lucmin.cpp
C:\Users\student\Desktop\就活作品\JobFreeGame\ソースファイル\JobFreeGame\object.h(85,70): warning C4100: 'fHeight': 引数は関数の本体部で 1 度も参照されません。
C:\Users\student\Desktop\就活作品\JobFreeGame\ソースファイル\JobFreeGame\object.h(85,56): warning C4100: 'fWidth': 引数は関数の本体部で 1 度も参照されません。
C:\Users\student\Desktop\就活作品\JobFreeGame\ソースファイル\JobFreeGame\object.h(85,45): warning C4100: 'pos': 引数は関数の本体部で 1 度も参照されません。
C:\Users\student\Desktop\就活作品\JobFreeGame\ソースファイル\JobFreeGame\object.h(85,27): warning C4100: 'type': 引数は関数の本体部で 1 度も参照されません。
C:\Users\student\Desktop\就活作品\JobFreeGame\ソースファイル\JobFreeGame\object.h(86,70): warning C4100: 'fHeight': 引数は関数の本体部で 1 度も参照されません。
C:\Users\student\Desktop\就活作品\JobFreeGame\ソースファイル\JobFreeGame\object.h(86,56): warning C4100: 'fWidth': 引数は関数の本体部で 1 度も参照されません。
C:\Users\student\Desktop\就活作品\JobFreeGame\ソースファイル\JobFreeGame\object.h(86,45): warning C4100: 'rot': 引数は関数の本体部で 1 度も参照されません。
C:\Users\student\Desktop\就活作品\JobFreeGame\ソースファイル\JobFreeGame\object.h(86,27): warning C4100: 'type': 引数は関数の本体部で 1 度も参照されません。
C:\Users\student\Desktop\就活作品\JobFreeGame\ソースファイル\JobFreeGame\object.h(87,34): warning C4100: 'rot': 引数は関数の本体部で 1 度も参照されません。
C:\Users\student\Desktop\就活作品\JobFreeGame\ソースファイル\JobFreeGame\object.h(88,35): warning C4100: 'size': 引数は関数の本体部で 1 度も参照されません。
C:\Users\student\Desktop\就活作品\JobFreeGame\ソースファイル\JobFreeGame\object.h(97,30): warning C4100: 'state': 引数は関数の本体部で 1 度も参照されません。
C:\Users\student\Desktop\就活作品\JobFreeGame\ソースファイル\JobFreeGame\motion.h(88,42): warning C4100: 'nNumModel': 引数は関数の本体部で 1 度も参照されません。
C:\Users\student\Desktop\就活作品\JobFreeGame\ソースファイル\JobFreeGame\lucmin.cpp(262,10): warning C4189: 'pSound': ローカル変数が初期化されましたが、参照されていません
C:\Users\student\Desktop\就活作品\JobFreeGame\ソースファイル\JobFreeGame\lucmin.cpp(259,18): warning C4189: 'pInputKeyboard': ローカル変数が初期化されましたが、参照されていません
C:\Users\student\Desktop\就活作品\JobFreeGame\ソースファイル\JobFreeGame\lucmin.cpp(261,11): warning C4189: 'pPlayer': ローカル変数が初期化されましたが、参照されていません
C:\Users\student\Desktop\就活作品\JobFreeGame\ソースファイル\JobFreeGame\lucmin.cpp(260,11): warning C4189: 'pCamera': ローカル変数が初期化されましたが、参照されていません
C:\Users\student\Desktop\就活作品\JobFreeGame\ソースファイル\JobFreeGame\lucmin.cpp(352,11): warning C4189: 'pPlayer': ローカル変数が初期化されましたが、参照されていません
C:\Users\student\Desktop\就活作品\JobFreeGame\ソースファイル\JobFreeGame\lucmin.cpp(353,11): warning C4189: 'pCamera': ローカル変数が初期化されましたが、参照されていません
C:\Users\student\Desktop\就活作品\JobFreeGame\ソースファイル\JobFreeGame\lucmin.cpp(492,8): warning C4189: 'fRotDest': ローカル変数が初期化されましたが、参照されていません
C:\Users\student\Desktop\就活作品\JobFreeGame\ソースファイル\JobFreeGame\lucmin.cpp(488,11): warning C4189: 'pCamera': ローカル変数が初期化されましたが、参照されていません
  main.cpp
C:\Users\student\Desktop\就活作品\JobFreeGame\ソースファイル\JobFreeGame\object.h(85,70): warning C4100: 'fHeight': 引数は関数の本体部で 1 度も参照されません。
C:\Users\student\Desktop\就活作品\JobFreeGame\ソースファイル\JobFreeGame\object.h(85,56): warning C4100: 'fWidth': 引数は関数の本体部で 1 度も参照されません。
C:\Users\student\Desktop\就活作品\JobFreeGame\ソースファイル\JobFreeGame\object.h(85,45): warning C4100: 'pos': 引数は関数の本体部で 1 度も参照されません。
C:\Users\student\Desktop\就活作品\JobFreeGame\ソースファイル\JobFreeGame\object.h(85,27): warning C4100: 'type': 引数は関数の本体部で 1 度も参照されません。
C:\Users\student\Desktop\就活作品\JobFreeGame\ソースファイル\JobFreeGame\object.h(86,70): warning C4100: 'fHeight': 引数は関数の本体部で 1 度も参照されません。
C:\Users\student\Desktop\就活作品\JobFreeGame\ソースファイル\JobFreeGame\object.h(86,56): warning C4100: 'fWidth': 引数は関数の本体部で 1 度も参照されません。
C:\Users\student\Desktop\就活作品\JobFreeGame\ソースファイル\JobFreeGame\object.h(86,45): warning C4100: 'rot': 引数は関数の本体部で 1 度も参照されません。
C:\Users\student\Desktop\就活作品\JobFreeGame\ソースファイル\JobFreeGame\object.h(86,27): warning C4100: 'type': 引数は関数の本体部で 1 度も参照されません。
C:\Users\student\Desktop\就活作品\JobFreeGame\ソースファイル\JobFreeGame\object.h(87,34): warning C4100: 'rot': 引数は関数の本体部で 1 度も参照されません。
C:\Users\student\Desktop\就活作品\JobFreeGame\ソースファイル\JobFreeGame\object.h(88,35): warning C4100: 'size': 引数は関数の本体部で 1 度も参照されません。
C:\Users\student\Desktop\就活作品\JobFreeGame\ソースファイル\JobFreeGame\object.h(97,30): warning C4100: 'state': 引数は関数の本体部で 1 度も参照されません。
C:\Users\student\Desktop\就活作品\JobFreeGame\ソースファイル\JobFreeGame\main.cpp(21,72): warning C4100: 'lpCmdLine': 引数は関数の本体部で 1 度も参照されません。
C:\Users\student\Desktop\就活作品\JobFreeGame\ソースファイル\JobFreeGame\main.cpp(21,51): warning C4100: 'hInstancePrev': 引数は関数の本体部で 1 度も参照されません。
  manager.cpp
C:\Users\student\Desktop\就活作品\JobFreeGame\ソースファイル\JobFreeGame\object.h(85,70): warning C4100: 'fHeight': 引数は関数の本体部で 1 度も参照されません。
C:\Users\student\Desktop\就活作品\JobFreeGame\ソースファイル\JobFreeGame\object.h(85,56): warning C4100: 'fWidth': 引数は関数の本体部で 1 度も参照されません。
C:\Users\student\Desktop\就活作品\JobFreeGame\ソースファイル\JobFreeGame\object.h(85,45): warning C4100: 'pos': 引数は関数の本体部で 1 度も参照されません。
C:\Users\student\Desktop\就活作品\JobFreeGame\ソースファイル\JobFreeGame\object.h(85,27): warning C4100: 'type': 引数は関数の本体部で 1 度も参照されません。
C:\Users\student\Desktop\就活作品\JobFreeGame\ソースファイル\JobFreeGame\object.h(86,70): warning C4100: 'fHeight': 引数は関数の本体部で 1 度も参照されません。
C:\Users\student\Desktop\就活作品\JobFreeGame\ソースファイル\JobFreeGame\object.h(86,56): warning C4100: 'fWidth': 引数は関数の本体部で 1 度も参照されません。
C:\Users\student\Desktop\就活作品\JobFreeGame\ソースファイル\JobFreeGame\object.h(86,45): warning C4100: 'rot': 引数は関数の本体部で 1 度も参照されません。
C:\Users\student\Desktop\就活作品\JobFreeGame\ソースファイル\JobFreeGame\object.h(86,27): warning C4100: 'type': 引数は関数の本体部で 1 度も参照されません。
C:\Users\student\Desktop\就活作品\JobFreeGame\ソースファイル\JobFreeGame\object.h(87,34): warning C4100: 'rot': 引数は関数の本体部で 1 度も参照されません。
C:\Users\student\Desktop\就活作品\JobFreeGame\ソースファイル\JobFreeGame\object.h(88,35): warning C4100: 'size': 引数は関数の本体部で 1 度も参照されません。
C:\Users\student\Desktop\就活作品\JobFreeGame\ソースファイル\JobFreeGame\object.h(97,30): warning C4100: 'state': 引数は関数の本体部で 1 度も参照されません。
  material.cpp
C:\Users\student\Desktop\就活作品\JobFreeGame\ソースファイル\JobFreeGame\object.h(85,70): warning C4100: 'fHeight': 引数は関数の本体部で 1 度も参照されません。
C:\Users\student\Desktop\就活作品\JobFreeGame\ソースファイル\JobFreeGame\object.h(85,56): warning C4100: 'fWidth': 引数は関数の本体部で 1 度も参照されません。
C:\Users\student\Desktop\就活作品\JobFreeGame\ソースファイル\JobFreeGame\object.h(85,45): warning C4100: 'pos': 引数は関数の本体部で 1 度も参照されません。
C:\Users\student\Desktop\就活作品\JobFreeGame\ソースファイル\JobFreeGame\object.h(85,27): warning C4100: 'type': 引数は関数の本体部で 1 度も参照されません。
C:\Users\student\Desktop\就活作品\JobFreeGame\ソースファイル\JobFreeGame\object.h(86,70): warning C4100: 'fHeight': 引数は関数の本体部で 1 度も参照されません。
C:\Users\student\Desktop\就活作品\JobFreeGame\ソースファイル\JobFreeGame\object.h(86,56): warning C4100: 'fWidth': 引数は関数の本体部で 1 度も参照されません。
C:\Users\student\Desktop\就活作品\JobFreeGame\ソースファイル\JobFreeGame\object.h(86,45): warning C4100: 'rot': 引数は関数の本体部で 1 度も参照されません。
C:\Users\student\Desktop\就活作品\JobFreeGame\ソースファイル\JobFreeGame\object.h(86,27): warning C4100: 'type': 引数は関数の本体部で 1 度も参照されません。
C:\Users\student\Desktop\就活作品\JobFreeGame\ソースファイル\JobFreeGame\object.h(87,34): warning C4100: 'rot': 引数は関数の本体部で 1 度も参照されません。
C:\Users\student\Desktop\就活作品\JobFreeGame\ソースファイル\JobFreeGame\object.h(88,35): warning C4100: 'size': 引数は関数の本体部で 1 度も参照されません。
C:\Users\student\Desktop\就活作品\JobFreeGame\ソースファイル\JobFreeGame\object.h(97,30): warning C4100: 'state': 引数は関数の本体部で 1 度も参照されません。
  model.cpp
C:\Users\student\Desktop\就活作品\JobFreeGame\ソースファイル\JobFreeGame\object.h(85,70): warning C4100: 'fHeight': 引数は関数の本体部で 1 度も参照されません。
C:\Users\student\Desktop\就活作品\JobFreeGame\ソースファイル\JobFreeGame\object.h(85,56): warning C4100: 'fWidth': 引数は関数の本体部で 1 度も参照されません。
C:\Users\student\Desktop\就活作品\JobFreeGame\ソースファイル\JobFreeGame\object.h(85,45): warning C4100: 'pos': 引数は関数の本体部で 1 度も参照されません。
C:\Users\student\Desktop\就活作品\JobFreeGame\ソースファイル\JobFreeGame\object.h(85,27): warning C4100: 'type': 引数は関数の本体部で 1 度も参照されません。
C:\Users\student\Desktop\就活作品\JobFreeGame\ソースファイル\JobFreeGame\object.h(86,70): warning C4100: 'fHeight': 引数は関数の本体部で 1 度も参照されません。
C:\Users\student\Desktop\就活作品\JobFreeGame\ソースファイル\JobFreeGame\object.h(86,56): warning C4100: 'fWidth': 引数は関数の本体部で 1 度も参照されません。
C:\Users\student\Desktop\就活作品\JobFreeGame\ソースファイル\JobFreeGame\object.h(86,45): warning C4100: 'rot': 引数は関数の本体部で 1 度も参照されません。
C:\Users\student\Desktop\就活作品\JobFreeGame\ソースファイル\JobFreeGame\object.h(86,27): warning C4100: 'type': 引数は関数の本体部で 1 度も参照されません。
C:\Users\student\Desktop\就活作品\JobFreeGame\ソースファイル\JobFreeGame\object.h(87,34): warning C4100: 'rot': 引数は関数の本体部で 1 度も参照されません。
C:\Users\student\Desktop\就活作品\JobFreeGame\ソースファイル\JobFreeGame\object.h(88,35): warning C4100: 'size': 引数は関数の本体部で 1 度も参照されません。
C:\Users\student\Desktop\就活作品\JobFreeGame\ソースファイル\JobFreeGame\object.h(97,30): warning C4100: 'state': 引数は関数の本体部で 1 度も参照されません。
C:\Users\student\Desktop\就活作品\JobFreeGame\ソースファイル\JobFreeGame\model.cpp(230,10): warning C4189: 'pSound': ローカル変数が初期化されましたが、参照されていません
C:\Users\student\Desktop\就活作品\JobFreeGame\ソースファイル\JobFreeGame\model.cpp(229,11): warning C4189: 'pPlayer': ローカル変数が初期化されましたが、参照されていません
  modelHierarchy.cpp
C:\Users\student\Desktop\就活作品\JobFreeGame\ソースファイル\JobFreeGame\object.h(85,70): warning C4100: 'fHeight': 引数は関数の本体部で 1 度も参照されません。
C:\Users\student\Desktop\就活作品\JobFreeGame\ソースファイル\JobFreeGame\object.h(85,56): warning C4100: 'fWidth': 引数は関数の本体部で 1 度も参照されません。
C:\Users\student\Desktop\就活作品\JobFreeGame\ソースファイル\JobFreeGame\object.h(85,45): warning C4100: 'pos': 引数は関数の本体部で 1 度も参照されません。
C:\Users\student\Desktop\就活作品\JobFreeGame\ソースファイル\JobFreeGame\object.h(85,27): warning C4100: 'type': 引数は関数の本体部で 1 度も参照されません。
C:\Users\student\Desktop\就活作品\JobFreeGame\ソースファイル\JobFreeGame\object.h(86,70): warning C4100: 'fHeight': 引数は関数の本体部で 1 度も参照されません。
C:\Users\student\Desktop\就活作品\JobFreeGame\ソースファイル\JobFreeGame\object.h(86,56): warning C4100: 'fWidth': 引数は関数の本体部で 1 度も参照されません。
C:\Users\student\Desktop\就活作品\JobFreeGame\ソースファイル\JobFreeGame\object.h(86,45): warning C4100: 'rot': 引数は関数の本体部で 1 度も参照されません。
C:\Users\student\Desktop\就活作品\JobFreeGame\ソースファイル\JobFreeGame\object.h(86,27): warning C4100: 'type': 引数は関数の本体部で 1 度も参照されません。
C:\Users\student\Desktop\就活作品\JobFreeGame\ソースファイル\JobFreeGame\object.h(87,34): warning C4100: 'rot': 引数は関数の本体部で 1 度も参照されません。
C:\Users\student\Desktop\就活作品\JobFreeGame\ソースファイル\JobFreeGame\object.h(88,35): warning C4100: 'size': 引数は関数の本体部で 1 度も参照されません。
C:\Users\student\Desktop\就活作品\JobFreeGame\ソースファイル\JobFreeGame\object.h(97,30): warning C4100: 'state': 引数は関数の本体部で 1 度も参照されません。
  motion.cpp
C:\Users\student\Desktop\就活作品\JobFreeGame\ソースファイル\JobFreeGame\motion.h(88,42): warning C4100: 'nNumModel': 引数は関数の本体部で 1 度も参照されません。
C:\Users\student\Desktop\就活作品\JobFreeGame\ソースファイル\JobFreeGame\object.h(85,70): warning C4100: 'fHeight': 引数は関数の本体部で 1 度も参照されません。
C:\Users\student\Desktop\就活作品\JobFreeGame\ソースファイル\JobFreeGame\object.h(85,56): warning C4100: 'fWidth': 引数は関数の本体部で 1 度も参照されません。
C:\Users\student\Desktop\就活作品\JobFreeGame\ソースファイル\JobFreeGame\object.h(85,45): warning C4100: 'pos': 引数は関数の本体部で 1 度も参照されません。
C:\Users\student\Desktop\就活作品\JobFreeGame\ソースファイル\JobFreeGame\object.h(85,27): warning C4100: 'type': 引数は関数の本体部で 1 度も参照されません。
C:\Users\student\Desktop\就活作品\JobFreeGame\ソースファイル\JobFreeGame\object.h(86,70): warning C4100: 'fHeight': 引数は関数の本体部で 1 度も参照されません。
C:\Users\student\Desktop\就活作品\JobFreeGame\ソースファイル\JobFreeGame\object.h(86,56): warning C4100: 'fWidth': 引数は関数の本体部で 1 度も参照されません。
C:\Users\student\Desktop\就活作品\JobFreeGame\ソースファイル\JobFreeGame\object.h(86,45): warning C4100: 'rot': 引数は関数の本体部で 1 度も参照されません。
C:\Users\student\Desktop\就活作品\JobFreeGame\ソースファイル\JobFreeGame\object.h(86,27): warning C4100: 'type': 引数は関数の本体部で 1 度も参照されません。
C:\Users\student\Desktop\就活作品\JobFreeGame\ソースファイル\JobFreeGame\object.h(87,34): warning C4100: 'rot': 引数は関数の本体部で 1 度も参照されません。
C:\Users\student\Desktop\就活作品\JobFreeGame\ソースファイル\JobFreeGame\object.h(88,35): warning C4100: 'size': 引数は関数の本体部で 1 度も参照されません。
C:\Users\student\Desktop\就活作品\JobFreeGame\ソースファイル\JobFreeGame\object.h(97,30): warning C4100: 'state': 引数は関数の本体部で 1 度も参照されません。
C:\Users\student\Desktop\就活作品\JobFreeGame\ソースファイル\JobFreeGame\motion.cpp(176,14): warning C4189: 'pDebugProc': ローカル変数が初期化されましたが、参照されていません
  object.cpp
C:\Users\student\Desktop\就活作品\JobFreeGame\ソースファイル\JobFreeGame\object.h(85,70): warning C4100: 'fHeight': 引数は関数の本体部で 1 度も参照されません。
C:\Users\student\Desktop\就活作品\JobFreeGame\ソースファイル\JobFreeGame\object.h(85,56): warning C4100: 'fWidth': 引数は関数の本体部で 1 度も参照されません。
C:\Users\student\Desktop\就活作品\JobFreeGame\ソースファイル\JobFreeGame\object.h(85,45): warning C4100: 'pos': 引数は関数の本体部で 1 度も参照されません。
C:\Users\student\Desktop\就活作品\JobFreeGame\ソースファイル\JobFreeGame\object.h(85,27): warning C4100: 'type': 引数は関数の本体部で 1 度も参照されません。
C:\Users\student\Desktop\就活作品\JobFreeGame\ソースファイル\JobFreeGame\object.h(86,70): warning C4100: 'fHeight': 引数は関数の本体部で 1 度も参照されません。
C:\Users\student\Desktop\就活作品\JobFreeGame\ソースファイル\JobFreeGame\object.h(86,56): warning C4100: 'fWidth': 引数は関数の本体部で 1 度も参照されません。
C:\Users\student\Desktop\就活作品\JobFreeGame\ソースファイル\JobFreeGame\object.h(86,45): warning C4100: 'rot': 引数は関数の本体部で 1 度も参照されません。
C:\Users\student\Desktop\就活作品\JobFreeGame\ソースファイル\JobFreeGame\object.h(86,27): warning C4100: 'type': 引数は関数の本体部で 1 度も参照されません。
C:\Users\student\Desktop\就活作品\JobFreeGame\ソースファイル\JobFreeGame\object.h(87,34): warning C4100: 'rot': 引数は関数の本体部で 1 度も参照されません。
C:\Users\student\Desktop\就活作品\JobFreeGame\ソースファイル\JobFreeGame\object.h(88,35): warning C4100: 'size': 引数は関数の本体部で 1 度も参照されません。
C:\Users\student\Desktop\就活作品\JobFreeGame\ソースファイル\JobFreeGame\object.h(97,30): warning C4100: 'state': 引数は関数の本体部で 1 度も参照されません。
  object2D.cpp
C:\Users\student\Desktop\就活作品\JobFreeGame\ソースファイル\JobFreeGame\object.h(85,70): warning C4100: 'fHeight': 引数は関数の本体部で 1 度も参照されません。
C:\Users\student\Desktop\就活作品\JobFreeGame\ソースファイル\JobFreeGame\object.h(85,56): warning C4100: 'fWidth': 引数は関数の本体部で 1 度も参照されません。
C:\Users\student\Desktop\就活作品\JobFreeGame\ソースファイル\JobFreeGame\object.h(85,45): warning C4100: 'pos': 引数は関数の本体部で 1 度も参照されません。
C:\Users\student\Desktop\就活作品\JobFreeGame\ソースファイル\JobFreeGame\object.h(85,27): warning C4100: 'type': 引数は関数の本体部で 1 度も参照されません。
C:\Users\student\Desktop\就活作品\JobFreeGame\ソースファイル\JobFreeGame\object.h(86,70): warning C4100: 'fHeight': 引数は関数の本体部で 1 度も参照されません。
C:\Users\student\Desktop\就活作品\JobFreeGame\ソースファイル\JobFreeGame\object.h(86,56): warning C4100: 'fWidth': 引数は関数の本体部で 1 度も参照されません。
C:\Users\student\Desktop\就活作品\JobFreeGame\ソースファイル\JobFreeGame\object.h(86,45): warning C4100: 'rot': 引数は関数の本体部で 1 度も参照されません。
C:\Users\student\Desktop\就活作品\JobFreeGame\ソースファイル\JobFreeGame\object.h(86,27): warning C4100: 'type': 引数は関数の本体部で 1 度も参照されません。
C:\Users\student\Desktop\就活作品\JobFreeGame\ソースファイル\JobFreeGame\object.h(87,34): warning C4100: 'rot': 引数は関数の本体部で 1 度も参照されません。
C:\Users\student\Desktop\就活作品\JobFreeGame\ソースファイル\JobFreeGame\object.h(88,35): warning C4100: 'size': 引数は関数の本体部で 1 度も参照されません。
C:\Users\student\Desktop\就活作品\JobFreeGame\ソースファイル\JobFreeGame\object.h(97,30): warning C4100: 'state': 引数は関数の本体部で 1 度も参照されません。
  object3D.cpp
C:\Users\student\Desktop\就活作品\JobFreeGame\ソースファイル\JobFreeGame\object.h(85,70): warning C4100: 'fHeight': 引数は関数の本体部で 1 度も参照されません。
C:\Users\student\Desktop\就活作品\JobFreeGame\ソースファイル\JobFreeGame\object.h(85,56): warning C4100: 'fWidth': 引数は関数の本体部で 1 度も参照されません。
C:\Users\student\Desktop\就活作品\JobFreeGame\ソースファイル\JobFreeGame\object.h(85,45): warning C4100: 'pos': 引数は関数の本体部で 1 度も参照されません。
C:\Users\student\Desktop\就活作品\JobFreeGame\ソースファイル\JobFreeGame\object.h(85,27): warning C4100: 'type': 引数は関数の本体部で 1 度も参照されません。
C:\Users\student\Desktop\就活作品\JobFreeGame\ソースファイル\JobFreeGame\object.h(86,70): warning C4100: 'fHeight': 引数は関数の本体部で 1 度も参照されません。
C:\Users\student\Desktop\就活作品\JobFreeGame\ソースファイル\JobFreeGame\object.h(86,56): warning C4100: 'fWidth': 引数は関数の本体部で 1 度も参照されません。
C:\Users\student\Desktop\就活作品\JobFreeGame\ソースファイル\JobFreeGame\object.h(86,45): warning C4100: 'rot': 引数は関数の本体部で 1 度も参照されません。
C:\Users\student\Desktop\就活作品\JobFreeGame\ソースファイル\JobFreeGame\object.h(86,27): warning C4100: 'type': 引数は関数の本体部で 1 度も参照されません。
C:\Users\student\Desktop\就活作品\JobFreeGame\ソースファイル\JobFreeGame\object.h(87,34): warning C4100: 'rot': 引数は関数の本体部で 1 度も参照されません。
C:\Users\student\Desktop\就活作品\JobFreeGame\ソースファイル\JobFreeGame\object.h(88,35): warning C4100: 'size': 引数は関数の本体部で 1 度も参照されません。
C:\Users\student\Desktop\就活作品\JobFreeGame\ソースファイル\JobFreeGame\object.h(97,30): warning C4100: 'state': 引数は関数の本体部で 1 度も参照されません。
C:\Users\student\Desktop\就活作品\JobFreeGame\ソースファイル\JobFreeGame\object3D.cpp(184,37): warning C4458: 'm_size' を宣言すると、クラス メンバーが隠蔽されます
C:\Users\student\Desktop\就活作品\JobFreeGame\ソースファイル\JobFreeGame\object3D.h(47,14): message : 'CObject3D::m_size' の宣言を確認してください
  objectX.cpp
C:\Users\student\Desktop\就活作品\JobFreeGame\ソースファイル\JobFreeGame\object.h(85,70): warning C4100: 'fHeight': 引数は関数の本体部で 1 度も参照されません。
C:\Users\student\Desktop\就活作品\JobFreeGame\ソースファイル\JobFreeGame\object.h(85,56): warning C4100: 'fWidth': 引数は関数の本体部で 1 度も参照されません。
C:\Users\student\Desktop\就活作品\JobFreeGame\ソースファイル\JobFreeGame\object.h(85,45): warning C4100: 'pos': 引数は関数の本体部で 1 度も参照されません。
C:\Users\student\Desktop\就活作品\JobFreeGame\ソースファイル\JobFreeGame\object.h(85,27): warning C4100: 'type': 引数は関数の本体部で 1 度も参照されません。
C:\Users\student\Desktop\就活作品\JobFreeGame\ソースファイル\JobFreeGame\object.h(86,70): warning C4100: 'fHeight': 引数は関数の本体部で 1 度も参照されません。
C:\Users\student\Desktop\就活作品\JobFreeGame\ソースファイル\JobFreeGame\object.h(86,56): warning C4100: 'fWidth': 引数は関数の本体部で 1 度も参照されません。
C:\Users\student\Desktop\就活作品\JobFreeGame\ソースファイル\JobFreeGame\object.h(86,45): warning C4100: 'rot': 引数は関数の本体部で 1 度も参照されません。
C:\Users\student\Desktop\就活作品\JobFreeGame\ソースファイル\JobFreeGame\object.h(86,27): warning C4100: 'type': 引数は関数の本体部で 1 度も参照されません。
C:\Users\student\Desktop\就活作品\JobFreeGame\ソースファイル\JobFreeGame\object.h(87,34): warning C4100: 'rot': 引数は関数の本体部で 1 度も参照されません。
C:\Users\student\Desktop\就活作品\JobFreeGame\ソースファイル\JobFreeGame\object.h(88,35): warning C4100: 'size': 引数は関数の本体部で 1 度も参照されません。
C:\Users\student\Desktop\就活作品\JobFreeGame\ソースファイル\JobFreeGame\object.h(97,30): warning C4100: 'state': 引数は関数の本体部で 1 度も参照されません。
C:\Users\student\Desktop\就活作品\JobFreeGame\ソースファイル\JobFreeGame\objectX.cpp(247,116): warning C4100: 'Max': 引数は関数の本体部で 1 度も参照されません。
C:\Users\student\Desktop\就活作品\JobFreeGame\ソースファイル\JobFreeGame\objectX.cpp(247,99): warning C4100: 'Min': 引数は関数の本体部で 1 度も参照されません。
C:\Users\student\Desktop\就活作品\JobFreeGame\ソースファイル\JobFreeGame\objectX.cpp(247,80): warning C4100: 'pMove': 引数は関数の本体部で 1 度も参照されません。
C:\Users\student\Desktop\就活作品\JobFreeGame\ソースファイル\JobFreeGame\objectX.cpp(247,58): warning C4100: 'pPosOld': 引数は関数の本体部で 1 度も参照されません。
C:\Users\student\Desktop\就活作品\JobFreeGame\ソースファイル\JobFreeGame\objectX.cpp(247,39): warning C4100: 'pPos': 引数は関数の本体部で 1 度も参照されません。
C:\Users\student\Desktop\就活作品\JobFreeGame\ソースファイル\JobFreeGame\objectX.cpp(250,11): warning C4189: 'pCamera': ローカル変数が初期化されましたが、参照されていません
C:\Users\student\Desktop\就活作品\JobFreeGame\ソースファイル\JobFreeGame\objectX.cpp(249,14): warning C4189: 'pDebugProc': ローカル変数が初期化されましたが、参照されていません
C:\Users\student\Desktop\就活作品\JobFreeGame\ソースファイル\JobFreeGame\objectX.cpp(263,18): warning C4189: 'type': ローカル変数が初期化されましたが、参照されていません
C:\Users\student\Desktop\就活作品\JobFreeGame\ソースファイル\JobFreeGame\objectX.cpp(301,214): warning C4100: 'pObj': 引数は関数の本体部で 1 度も参照されません。
C:\Users\student\Desktop\就活作品\JobFreeGame\ソースファイル\JobFreeGame\objectX.cpp(301,199): warning C4100: 'type': 引数は関数の本体部で 1 度も参照されません。
C:\Users\student\Desktop\就活作品\JobFreeGame\ソースファイル\JobFreeGame\objectX.cpp(301,184): warning C4100: 'maxModel': 引数は関数の本体部で 1 度も参照されません。
C:\Users\student\Desktop\就活作品\JobFreeGame\ソースファイル\JobFreeGame\objectX.cpp(301,162): warning C4100: 'minModel': 引数は関数の本体部で 1 度も参照されません。
C:\Users\student\Desktop\就活作品\JobFreeGame\ソースファイル\JobFreeGame\objectX.cpp(301,140): warning C4100: 'posModel': 引数は関数の本体部で 1 度も参照されません。
C:\Users\student\Desktop\就活作品\JobFreeGame\ソースファイル\JobFreeGame\objectX.cpp(301,123): warning C4100: 'Max': 引数は関数の本体部で 1 度も参照されません。
C:\Users\student\Desktop\就活作品\JobFreeGame\ソースファイル\JobFreeGame\objectX.cpp(301,106): warning C4100: 'Min': 引数は関数の本体部で 1 度も参照されません。
C:\Users\student\Desktop\就活作品\JobFreeGame\ソースファイル\JobFreeGame\objectX.cpp(301,87): warning C4100: 'pMove': 引数は関数の本体部で 1 度も参照されません。
C:\Users\student\Desktop\就活作品\JobFreeGame\ソースファイル\JobFreeGame\objectX.cpp(301,65): warning C4100: 'pPosOld': 引数は関数の本体部で 1 度も参照されません。
C:\Users\student\Desktop\就活作品\JobFreeGame\ソースファイル\JobFreeGame\objectX.cpp(301,46): warning C4100: 'pPos': 引数は関数の本体部で 1 度も参照されません。
C:\Users\student\Desktop\就活作品\JobFreeGame\ソースファイル\JobFreeGame\objectX.cpp(530,11): warning C4189: 'pCamera': ローカル変数が初期化されましたが、参照されていません
C:\Users\student\Desktop\就活作品\JobFreeGame\ソースファイル\JobFreeGame\objectX.cpp(529,14): warning C4189: 'pDebugProc': ローカル変数が初期化されましたが、参照されていません
C:\Users\student\Desktop\就活作品\JobFreeGame\ソースファイル\JobFreeGame\objectX.cpp(566,219): warning C4100: 'pObj': 引数は関数の本体部で 1 度も参照されません。
C:\Users\student\Desktop\就活作品\JobFreeGame\ソースファイル\JobFreeGame\objectX.cpp(566,204): warning C4100: 'type': 引数は関数の本体部で 1 度も参照されません。
C:\Users\student\Desktop\就活作品\JobFreeGame\ソースファイル\JobFreeGame\objectX.cpp(566,189): warning C4100: 'maxModel': 引数は関数の本体部で 1 度も参照されません。
C:\Users\student\Desktop\就活作品\JobFreeGame\ソースファイル\JobFreeGame\objectX.cpp(566,167): warning C4100: 'minModel': 引数は関数の本体部で 1 度も参照されません。
C:\Users\student\Desktop\就活作品\JobFreeGame\ソースファイル\JobFreeGame\objectX.cpp(566,145): warning C4100: 'posModel': 引数は関数の本体部で 1 度も参照されません。
C:\Users\student\Desktop\就活作品\JobFreeGame\ソースファイル\JobFreeGame\objectX.cpp(566,128): warning C4100: 'Max': 引数は関数の本体部で 1 度も参照されません。
C:\Users\student\Desktop\就活作品\JobFreeGame\ソースファイル\JobFreeGame\objectX.cpp(566,111): warning C4100: 'Min': 引数は関数の本体部で 1 度も参照されません。
C:\Users\student\Desktop\就活作品\JobFreeGame\ソースファイル\JobFreeGame\objectX.cpp(566,92): warning C4100: 'pMove': 引数は関数の本体部で 1 度も参照されません。
C:\Users\student\Desktop\就活作品\JobFreeGame\ソースファイル\JobFreeGame\objectX.cpp(566,70): warning C4100: 'pPosOld': 引数は関数の本体部で 1 度も参照されません。
C:\Users\student\Desktop\就活作品\JobFreeGame\ソースファイル\JobFreeGame\objectX.cpp(566,51): warning C4100: 'pPos': 引数は関数の本体部で 1 度も参照されません。
C:\Users\student\Desktop\就活作品\JobFreeGame\ソースファイル\JobFreeGame\objectX.cpp(626,214): warning C4100: 'pObj': 引数は関数の本体部で 1 度も参照されません。
C:\Users\student\Desktop\就活作品\JobFreeGame\ソースファイル\JobFreeGame\objectX.cpp(626,199): warning C4100: 'type': 引数は関数の本体部で 1 度も参照されません。
C:\Users\student\Desktop\就活作品\JobFreeGame\ソースファイル\JobFreeGame\objectX.cpp(629,14): warning C4189: 'pDebugProc': ローカル変数が初期化されましたが、参照されていません
C:\Users\student\Desktop\就活作品\JobFreeGame\ソースファイル\JobFreeGame\objectX.cpp(808,75): warning C4100: 'Max': 引数は関数の本体部で 1 度も参照されません。
C:\Users\student\Desktop\就活作品\JobFreeGame\ソースファイル\JobFreeGame\objectX.cpp(808,58): warning C4100: 'Min': 引数は関数の本体部で 1 度も参照されません。
C:\Users\student\Desktop\就活作品\JobFreeGame\ソースファイル\JobFreeGame\objectX.cpp(808,41): warning C4100: 'pos': 引数は関数の本体部で 1 度も参照されません。
C:\Users\student\Desktop\就活作品\JobFreeGame\ソースファイル\JobFreeGame\objectX.cpp(811,6): warning C4189: 'nCnt': ローカル変数が初期化されましたが、参照されていません
C:\Users\student\Desktop\就活作品\JobFreeGame\ソースファイル\JobFreeGame\objectX.cpp(810,14): warning C4189: 'pDebugProc': ローカル変数が初期化されましたが、参照されていません
C:\Users\student\Desktop\就活作品\JobFreeGame\ソースファイル\JobFreeGame\objectX.cpp(822,18): warning C4189: 'type': ローカル変数が初期化されましたが、参照されていません
  player.cpp
C:\Users\student\Desktop\就活作品\JobFreeGame\ソースファイル\JobFreeGame\object.h(85,70): warning C4100: 'fHeight': 引数は関数の本体部で 1 度も参照されません。
C:\Users\student\Desktop\就活作品\JobFreeGame\ソースファイル\JobFreeGame\object.h(85,56): warning C4100: 'fWidth': 引数は関数の本体部で 1 度も参照されません。
C:\Users\student\Desktop\就活作品\JobFreeGame\ソースファイル\JobFreeGame\object.h(85,45): warning C4100: 'pos': 引数は関数の本体部で 1 度も参照されません。
C:\Users\student\Desktop\就活作品\JobFreeGame\ソースファイル\JobFreeGame\object.h(85,27): warning C4100: 'type': 引数は関数の本体部で 1 度も参照されません。
C:\Users\student\Desktop\就活作品\JobFreeGame\ソースファイル\JobFreeGame\object.h(86,70): warning C4100: 'fHeight': 引数は関数の本体部で 1 度も参照されません。
C:\Users\student\Desktop\就活作品\JobFreeGame\ソースファイル\JobFreeGame\object.h(86,56): warning C4100: 'fWidth': 引数は関数の本体部で 1 度も参照されません。
C:\Users\student\Desktop\就活作品\JobFreeGame\ソースファイル\JobFreeGame\object.h(86,45): warning C4100: 'rot': 引数は関数の本体部で 1 度も参照されません。
C:\Users\student\Desktop\就活作品\JobFreeGame\ソースファイル\JobFreeGame\object.h(86,27): warning C4100: 'type': 引数は関数の本体部で 1 度も参照されません。
C:\Users\student\Desktop\就活作品\JobFreeGame\ソースファイル\JobFreeGame\object.h(87,34): warning C4100: 'rot': 引数は関数の本体部で 1 度も参照されません。
C:\Users\student\Desktop\就活作品\JobFreeGame\ソースファイル\JobFreeGame\object.h(88,35): warning C4100: 'size': 引数は関数の本体部で 1 度も参照されません。
C:\Users\student\Desktop\就活作品\JobFreeGame\ソースファイル\JobFreeGame\object.h(97,30): warning C4100: 'state': 引数は関数の本体部で 1 度も参照されません。
C:\Users\student\Desktop\就活作品\JobFreeGame\ソースファイル\JobFreeGame\motion.h(88,42): warning C4100: 'nNumModel': 引数は関数の本体部で 1 度も参照されません。
  renderer.cpp
C:\Users\student\Desktop\就活作品\JobFreeGame\ソースファイル\JobFreeGame\object.h(85,70): warning C4100: 'fHeight': 引数は関数の本体部で 1 度も参照されません。
C:\Users\student\Desktop\就活作品\JobFreeGame\ソースファイル\JobFreeGame\object.h(85,56): warning C4100: 'fWidth': 引数は関数の本体部で 1 度も参照されません。
C:\Users\student\Desktop\就活作品\JobFreeGame\ソースファイル\JobFreeGame\object.h(85,45): warning C4100: 'pos': 引数は関数の本体部で 1 度も参照されません。
C:\Users\student\Desktop\就活作品\JobFreeGame\ソースファイル\JobFreeGame\object.h(85,27): warning C4100: 'type': 引数は関数の本体部で 1 度も参照されません。
C:\Users\student\Desktop\就活作品\JobFreeGame\ソースファイル\JobFreeGame\object.h(86,70): warning C4100: 'fHeight': 引数は関数の本体部で 1 度も参照されません。
C:\Users\student\Desktop\就活作品\JobFreeGame\ソースファイル\JobFreeGame\object.h(86,56): warning C4100: 'fWidth': 引数は関数の本体部で 1 度も参照されません。
C:\Users\student\Desktop\就活作品\JobFreeGame\ソースファイル\JobFreeGame\object.h(86,45): warning C4100: 'rot': 引数は関数の本体部で 1 度も参照されません。
C:\Users\student\Desktop\就活作品\JobFreeGame\ソースファイル\JobFreeGame\object.h(86,27): warning C4100: 'type': 引数は関数の本体部で 1 度も参照されません。
C:\Users\student\Desktop\就活作品\JobFreeGame\ソースファイル\JobFreeGame\object.h(87,34): warning C4100: 'rot': 引数は関数の本体部で 1 度も参照されません。
C:\Users\student\Desktop\就活作品\JobFreeGame\ソースファイル\JobFreeGame\object.h(88,35): warning C4100: 'size': 引数は関数の本体部で 1 度も参照されません。
C:\Users\student\Desktop\就活作品\JobFreeGame\ソースファイル\JobFreeGame\object.h(97,30): warning C4100: 'state': 引数は関数の本体部で 1 度も参照されません。
  コンパイル中...
  scene.cpp
C:\Users\student\Desktop\就活作品\JobFreeGame\ソースファイル\JobFreeGame\object.h(85,70): warning C4100: 'fHeight': 引数は関数の本体部で 1 度も参照されません。
C:\Users\student\Desktop\就活作品\JobFreeGame\ソースファイル\JobFreeGame\object.h(85,56): warning C4100: 'fWidth': 引数は関数の本体部で 1 度も参照されません。
C:\Users\student\Desktop\就活作品\JobFreeGame\ソースファイル\JobFreeGame\object.h(85,45): warning C4100: 'pos': 引数は関数の本体部で 1 度も参照されません。
C:\Users\student\Desktop\就活作品\JobFreeGame\ソースファイル\JobFreeGame\object.h(85,27): warning C4100: 'type': 引数は関数の本体部で 1 度も参照されません。
C:\Users\student\Desktop\就活作品\JobFreeGame\ソースファイル\JobFreeGame\object.h(86,70): warning C4100: 'fHeight': 引数は関数の本体部で 1 度も参照されません。
C:\Users\student\Desktop\就活作品\JobFreeGame\ソースファイル\JobFreeGame\object.h(86,56): warning C4100: 'fWidth': 引数は関数の本体部で 1 度も参照されません。
C:\Users\student\Desktop\就活作品\JobFreeGame\ソースファイル\JobFreeGame\object.h(86,45): warning C4100: 'rot': 引数は関数の本体部で 1 度も参照されません。
C:\Users\student\Desktop\就活作品\JobFreeGame\ソースファイル\JobFreeGame\object.h(86,27): warning C4100: 'type': 引数は関数の本体部で 1 度も参照されません。
C:\Users\student\Desktop\就活作品\JobFreeGame\ソースファイル\JobFreeGame\object.h(87,34): warning C4100: 'rot': 引数は関数の本体部で 1 度も参照されません。
C:\Users\student\Desktop\就活作品\JobFreeGame\ソースファイル\JobFreeGame\object.h(88,35): warning C4100: 'size': 引数は関数の本体部で 1 度も参照されません。
C:\Users\student\Desktop\就活作品\JobFreeGame\ソースファイル\JobFreeGame\object.h(97,30): warning C4100: 'state': 引数は関数の本体部で 1 度も参照されません。
  sound.cpp
  texture.cpp
C:\Users\student\Desktop\就活作品\JobFreeGame\ソースファイル\JobFreeGame\object.h(85,70): warning C4100: 'fHeight': 引数は関数の本体部で 1 度も参照されません。
C:\Users\student\Desktop\就活作品\JobFreeGame\ソースファイル\JobFreeGame\object.h(85,56): warning C4100: 'fWidth': 引数は関数の本体部で 1 度も参照されません。
C:\Users\student\Desktop\就活作品\JobFreeGame\ソースファイル\JobFreeGame\object.h(85,45): warning C4100: 'pos': 引数は関数の本体部で 1 度も参照されません。
C:\Users\student\Desktop\就活作品\JobFreeGame\ソースファイル\JobFreeGame\object.h(85,27): warning C4100: 'type': 引数は関数の本体部で 1 度も参照されません。
C:\Users\student\Desktop\就活作品\JobFreeGame\ソースファイル\JobFreeGame\object.h(86,70): warning C4100: 'fHeight': 引数は関数の本体部で 1 度も参照されません。
C:\Users\student\Desktop\就活作品\JobFreeGame\ソースファイル\JobFreeGame\object.h(86,56): warning C4100: 'fWidth': 引数は関数の本体部で 1 度も参照されません。
C:\Users\student\Desktop\就活作品\JobFreeGame\ソースファイル\JobFreeGame\object.h(86,45): warning C4100: 'rot': 引数は関数の本体部で 1 度も参照されません。
C:\Users\student\Desktop\就活作品\JobFreeGame\ソースファイル\JobFreeGame\object.h(86,27): warning C4100: 'type': 引数は関数の本体部で 1 度も参照されません。
C:\Users\student\Desktop\就活作品\JobFreeGame\ソースファイル\JobFreeGame\object.h(87,34): warning C4100: 'rot': 引数は関数の本体部で 1 度も参照されません。
C:\Users\student\Desktop\就活作品\JobFreeGame\ソースファイル\JobFreeGame\object.h(88,35): warning C4100: 'size': 引数は関数の本体部で 1 度も参照されません。
C:\Users\student\Desktop\就活作品\JobFreeGame\ソースファイル\JobFreeGame\object.h(97,30): warning C4100: 'state': 引数は関数の本体部で 1 度も参照されません。
  wall.cpp
C:\Users\student\Desktop\就活作品\JobFreeGame\ソースファイル\JobFreeGame\object.h(85,70): warning C4100: 'fHeight': 引数は関数の本体部で 1 度も参照されません。
C:\Users\student\Desktop\就活作品\JobFreeGame\ソースファイル\JobFreeGame\object.h(85,56): warning C4100: 'fWidth': 引数は関数の本体部で 1 度も参照されません。
C:\Users\student\Desktop\就活作品\JobFreeGame\ソースファイル\JobFreeGame\object.h(85,45): warning C4100: 'pos': 引数は関数の本体部で 1 度も参照されません。
C:\Users\student\Desktop\就活作品\JobFreeGame\ソースファイル\JobFreeGame\object.h(85,27): warning C4100: 'type': 引数は関数の本体部で 1 度も参照されません。
C:\Users\student\Desktop\就活作品\JobFreeGame\ソースファイル\JobFreeGame\object.h(86,70): warning C4100: 'fHeight': 引数は関数の本体部で 1 度も参照されません。
C:\Users\student\Desktop\就活作品\JobFreeGame\ソースファイル\JobFreeGame\object.h(86,56): warning C4100: 'fWidth': 引数は関数の本体部で 1 度も参照されません。
C:\Users\student\Desktop\就活作品\JobFreeGame\ソースファイル\JobFreeGame\object.h(86,45): warning C4100: 'rot': 引数は関数の本体部で 1 度も参照されません。
C:\Users\student\Desktop\就活作品\JobFreeGame\ソースファイル\JobFreeGame\object.h(86,27): warning C4100: 'type': 引数は関数の本体部で 1 度も参照されません。
C:\Users\student\Desktop\就活作品\JobFreeGame\ソースファイル\JobFreeGame\object.h(87,34): warning C4100: 'rot': 引数は関数の本体部で 1 度も参照されません。
C:\Users\student\Desktop\就活作品\JobFreeGame\ソースファイル\JobFreeGame\object.h(88,35): warning C4100: 'size': 引数は関数の本体部で 1 度も参照されません。
C:\Users\student\Desktop\就活作品\JobFreeGame\ソースファイル\JobFreeGame\object.h(97,30): warning C4100: 'state': 引数は関数の本体部で 1 度も参照されません。
C:\Users\student\Desktop\就活作品\JobFreeGame\ソースファイル\JobFreeGame\wall.cpp(44,43): warning C4100: 'rot': 引数は関数の本体部で 1 度も参照されません。
  コード生成しています。
  306 of 308 functions (99.4%) were compiled, the rest were copied from previous compilation.
    3 functions were new in current compilation
    0 functions had inline decision re-evaluated but remain unchanged
  コード生成が終了しました。
  JobFreeGame.vcxproj -> C:\Users\student\Desktop\就活作品\JobFreeGame\ソースファイル\JobFreeGame\JobFreeGame.exe
